# JRE version: Java(TM) SE Runtime Environment (8.0_144-b01) (build 1.8.0_144-b01)
# Java VM: Java HotSpot(TM) 64-Bit Server VM (25.144-b01 mixed mode windows-amd64 compressed oops)
Heap:
 PSYoungGen      total 106496K, used 24128K [0x00000000d5f00000, 0x00000000df080000, 0x0000000100000000)
  eden space 99840K, 17% used [0x00000000d5f00000,0x00000000d7048888,0x00000000dc080000)
  from space 6656K, 96% used [0x00000000dea00000,0x00000000df0478e0,0x00000000df080000)
  to   space 9216K, 0% used [0x00000000dde80000,0x00000000dde80000,0x00000000de780000)
 ParOldGen       total 64000K, used 9078K [0x0000000081c00000, 0x0000000085a80000, 0x00000000d5f00000)
  object space 64000K, 14% used [0x0000000081c00000,0x00000000824dd968,0x0000000085a80000)
 Metaspace       used 26427K, capacity 27328K, committed 27520K, reserved 1073152K
  class space    used 3402K, capacity 3614K, committed 3712K, reserved 1048576K
GC Heap History (10 events):
Event: 1.269 GC heap before
{Heap before GC invocations=3 (full 0):
 PSYoungGen      total 38400K, used 37799K [0x00000000d5f00000, 0x00000000daa00000, 0x0000000100000000)
  eden space 33280K, 100% used [0x00000000d5f00000,0x00000000d7f80000,0x00000000d7f80000)
  from space 5120K, 88% used [0x00000000d8480000,0x00000000d88e9c48,0x00000000d8980000)
  to   space 5120K, 0% used [0x00000000d7f80000,0x00000000d7f80000,0x00000000d8480000)
 ParOldGen       total 87552K, used 24K [0x0000000081c00000, 0x0000000087180000, 0x00000000d5f00000)
  object space 87552K, 0% used [0x0000000081c00000,0x0000000081c06000,0x0000000087180000)
 Metaspace       used 12645K, capacity 13030K, committed 13184K, reserved 1060864K
  class space    used 1550K, capacity 1663K, committed 1664K, reserved 1048576K
Event: 1.275 GC heap after
Heap after GC invocations=3 (full 0):
 PSYoungGen      total 38400K, used 5094K [0x00000000d5f00000, 0x00000000daa00000, 0x0000000100000000)
  eden space 33280K, 0% used [0x00000000d5f00000,0x00000000d5f00000,0x00000000d7f80000)
  from space 5120K, 99% used [0x00000000d7f80000,0x00000000d8479a68,0x00000000d8480000)
  to   space 5120K, 0% used [0x00000000da500000,0x00000000da500000,0x00000000daa00000)
 ParOldGen       total 87552K, used 311K [0x0000000081c00000, 0x0000000087180000, 0x00000000d5f00000)
  object space 87552K, 0% used [0x0000000081c00000,0x0000000081c4df58,0x0000000087180000)
 Metaspace       used 12645K, capacity 13030K, committed 13184K, reserved 1060864K
  class space    used 1550K, capacity 1663K, committed 1664K, reserved 1048576K
}
Event: 1.554 GC heap before
{Heap before GC invocations=4 (full 0):
 PSYoungGen      total 38400K, used 38374K [0x00000000d5f00000, 0x00000000daa00000, 0x0000000100000000)
  eden space 33280K, 100% used [0x00000000d5f00000,0x00000000d7f80000,0x00000000d7f80000)
  from space 5120K, 99% used [0x00000000d7f80000,0x00000000d8479a68,0x00000000d8480000)
  to   space 5120K, 0% used [0x00000000da500000,0x00000000da500000,0x00000000daa00000)
 ParOldGen       total 87552K, used 311K [0x0000000081c00000, 0x0000000087180000, 0x00000000d5f00000)
  object space 87552K, 0% used [0x0000000081c00000,0x0000000081c4df58,0x0000000087180000)
 Metaspace       used 16289K, capacity 16866K, committed 17152K, reserved 1064960K
  class space    used 2059K, capacity 2217K, committed 2304K, reserved 1048576K
Event: 1.562 GC heap after
Heap after GC invocations=4 (full 0):
 PSYoungGen      total 71680K, used 5091K [0x00000000d5f00000, 0x00000000daa00000, 0x0000000100000000)
  eden space 66560K, 0% used [0x00000000d5f00000,0x00000000d5f00000,0x00000000da000000)
  from space 5120K, 99% used [0x00000000da500000,0x00000000da9f8f70,0x00000000daa00000)
  to   space 5120K, 0% used [0x00000000da000000,0x00000000da000000,0x00000000da500000)
 ParOldGen       total 87552K, used 1454K [0x0000000081c00000, 0x0000000087180000, 0x00000000d5f00000)
  object space 87552K, 1% used [0x0000000081c00000,0x0000000081d6bac8,0x0000000087180000)
 Metaspace       used 16289K, capacity 16866K, committed 17152K, reserved 1064960K
  class space    used 2059K, capacity 2217K, committed 2304K, reserved 1048576K
}
Event: 1.924 GC heap before
{Heap before GC invocations=5 (full 0):
 PSYoungGen      total 71680K, used 57916K [0x00000000d5f00000, 0x00000000daa00000, 0x0000000100000000)
  eden space 66560K, 79% used [0x00000000d5f00000,0x00000000d92962a0,0x00000000da000000)
  from space 5120K, 99% used [0x00000000da500000,0x00000000da9f8f70,0x00000000daa00000)
  to   space 5120K, 0% used [0x00000000da000000,0x00000000da000000,0x00000000da500000)
 ParOldGen       total 87552K, used 1454K [0x0000000081c00000, 0x0000000087180000, 0x00000000d5f00000)
  object space 87552K, 1% used [0x0000000081c00000,0x0000000081d6bac8,0x0000000087180000)
 Metaspace       used 20478K, capacity 21166K, committed 21296K, reserved 1067008K
  class space    used 2662K, capacity 2843K, committed 2944K, reserved 1048576K
Event: 1.934 GC heap after
Heap after GC invocations=5 (full 0):
 PSYoungGen      total 71680K, used 5107K [0x00000000d5f00000, 0x00000000df300000, 0x0000000100000000)
  eden space 66560K, 0% used [0x00000000d5f00000,0x00000000d5f00000,0x00000000da000000)
  from space 5120K, 99% used [0x00000000da000000,0x00000000da4fcf80,0x00000000da500000)
  to   space 9216K, 0% used [0x00000000dea00000,0x00000000dea00000,0x00000000df300000)
 ParOldGen       total 87552K, used 5553K [0x0000000081c00000, 0x0000000087180000, 0x00000000d5f00000)
  object space 87552K, 6% used [0x0000000081c00000,0x000000008216c478,0x0000000087180000)
 Metaspace       used 20478K, capacity 21166K, committed 21296K, reserved 1067008K
  class space    used 2662K, capacity 2843K, committed 2944K, reserved 1048576K
}
Event: 1.934 GC heap before
{Heap before GC invocations=6 (full 1):
 PSYoungGen      total 71680K, used 5107K [0x00000000d5f00000, 0x00000000df300000, 0x0000000100000000)
  eden space 66560K, 0% used [0x00000000d5f00000,0x00000000d5f00000,0x00000000da000000)
  from space 5120K, 99% used [0x00000000da000000,0x00000000da4fcf80,0x00000000da500000)
  to   space 9216K, 0% used [0x00000000dea00000,0x00000000dea00000,0x00000000df300000)
 ParOldGen       total 87552K, used 5553K [0x0000000081c00000, 0x0000000087180000, 0x00000000d5f00000)
  object space 87552K, 6% used [0x0000000081c00000,0x000000008216c478,0x0000000087180000)
 Metaspace       used 20478K, capacity 21166K, committed 21296K, reserved 1067008K
  class space    used 2662K, capacity 2843K, committed 2944K, reserved 1048576K
Event: 1.975 GC heap after
Heap after GC invocations=6 (full 1):
 PSYoungGen      total 71680K, used 0K [0x00000000d5f00000, 0x00000000df300000, 0x0000000100000000)
  eden space 66560K, 0% used [0x00000000d5f00000,0x00000000d5f00000,0x00000000da000000)
  from space 5120K, 0% used [0x00000000da000000,0x00000000da000000,0x00000000da500000)
  to   space 9216K, 0% used [0x00000000dea00000,0x00000000dea00000,0x00000000df300000)
 ParOldGen       total 64000K, used 9070K [0x0000000081c00000, 0x0000000085a80000, 0x00000000d5f00000)
  object space 64000K, 14% used [0x0000000081c00000,0x00000000824db968,0x0000000085a80000)
 Metaspace       used 20478K, capacity 21166K, committed 21296K, reserved 1067008K
  class space    used 2662K, capacity 2843K, committed 2944K, reserved 1048576K
}
Event: 2.461 GC heap before
{Heap before GC invocations=7 (full 1):
 PSYoungGen      total 71680K, used 66557K [0x00000000d5f00000, 0x00000000df300000, 0x0000000100000000)
  eden space 66560K, 99% used [0x00000000d5f00000,0x00000000d9fff7c8,0x00000000da000000)
  from space 5120K, 0% used [0x00000000da000000,0x00000000da000000,0x00000000da500000)
  to   space 9216K, 0% used [0x00000000dea00000,0x00000000dea00000,0x00000000df300000)
 ParOldGen       total 64000K, used 9070K [0x0000000081c00000, 0x0000000085a80000, 0x00000000d5f00000)
  object space 64000K, 14% used [0x0000000081c00000,0x00000000824db968,0x0000000085a80000)
 Metaspace       used 25482K, capacity 26322K, committed 26624K, reserved 1073152K
  class space    used 3299K, capacity 3497K, committed 3584K, reserved 1048576K
Event: 2.475 GC heap after
Heap after GC invocations=7 (full 1):
 PSYoungGen      total 106496K, used 6430K [0x00000000d5f00000, 0x00000000df080000, 0x0000000100000000)
  eden space 99840K, 0% used [0x00000000d5f00000,0x00000000d5f00000,0x00000000dc080000)
  from space 6656K, 96% used [0x00000000dea00000,0x00000000df0478e0,0x00000000df080000)
  to   space 9216K, 0% used [0x00000000dde80000,0x00000000dde80000,0x00000000de780000)
 ParOldGen       total 64000K, used 9078K [0x0000000081c00000, 0x0000000085a80000, 0x00000000d5f00000)
  object space 64000K, 14% used [0x0000000081c00000,0x00000000824dd968,0x0000000085a80000)
 Metaspace       used 25482K, capacity 26322K, committed 26624K, reserved 1073152K
  class space    used 3299K, capacity 3497K, committed 3584K, reserved 1048576K
}

